{
  "stats": {
    "suites": 1,
    "tests": 1,
    "passes": 1,
    "pending": 0,
    "failures": 0,
    "start": "2023-02-09T00:12:49.352Z",
    "end": "2023-02-09T00:12:49.532Z",
    "duration": 180,
    "testsRegistered": 1,
    "passPercent": 100,
    "pendingPercent": 0,
    "other": 0,
    "hasOther": false,
    "skipped": 0,
    "hasSkipped": false
  },
  "results": [
    {
      "uuid": "3b5b9a75-1c0f-40a4-9b29-cb951bc08422",
      "title": "",
      "fullFile": "/Users/annamay/Documents/GitHub/api-testing-axios-mocha-chai-javascript/api-tests/baseUrl_from_property.js",
      "file": "/api-tests/baseUrl_from_property.js",
      "beforeHooks": [],
      "afterHooks": [],
      "tests": [],
      "suites": [
        {
          "uuid": "3691aec7-0f87-462a-b186-93704d0eac11",
          "title": "Base URL from Property File Tests",
          "fullFile": "/Users/annamay/Documents/GitHub/api-testing-axios-mocha-chai-javascript/api-tests/baseUrl_from_property.js",
          "file": "/api-tests/baseUrl_from_property.js",
          "beforeHooks": [],
          "afterHooks": [],
          "tests": [
            {
              "title": "should be able get baseUrl from property file",
              "fullTitle": "Base URL from Property File Tests should be able get baseUrl from property file",
              "timedOut": false,
              "duration": 174,
              "state": "passed",
              "speed": "slow",
              "pass": true,
              "fail": false,
              "pending": false,
              "context": null,
              "code": "console.log(properties.get(\"baseUrl\"));\nconst res = await axios.get(properties.get(\"baseUrl\") + '/users');\nconsole.log(res.data);\nexpect(res.status).equal(200);\nexpect(res.data.page).equal(1);\nexpect(res.data.per_page).equal(6);",
              "err": {},
              "uuid": "bc2ad137-239f-437b-a45a-663518995f14",
              "parentUUID": "3691aec7-0f87-462a-b186-93704d0eac11",
              "isHook": false,
              "skipped": false
            }
          ],
          "suites": [],
          "passes": [
            "bc2ad137-239f-437b-a45a-663518995f14"
          ],
          "failures": [],
          "pending": [],
          "skipped": [],
          "duration": 174,
          "root": false,
          "rootEmpty": false,
          "_timeout": 30000
        }
      ],
      "passes": [],
      "failures": [],
      "pending": [],
      "skipped": [],
      "duration": 0,
      "root": true,
      "rootEmpty": true,
      "_timeout": 30000
    }
  ],
  "meta": {
    "mocha": {
      "version": "10.2.0"
    },
    "mochawesome": {
      "options": {
        "quiet": false,
        "reportFilename": "mochawesome",
        "saveHtml": true,
        "saveJson": true,
        "consoleReporter": "spec",
        "useInlineDiffs": false,
        "code": true
      },
      "version": "7.1.3"
    },
    "marge": {
      "options": null,
      "version": "6.2.0"
    }
  }
}